<?xml version="1.0" encoding="UTF-8"?>
<!-- Generated by org.testng.reporters.JUnitReportReporter -->
<testsuite hostname="Miracle-PC" name="webTest.FirstProgram" tests="1" failures="0" timestamp="10 Oct 2015 01:04:13 GMT" time="10.155" errors="0">
  <testcase name="webTest" time="10.155" classname="webTest.FirstProgram"/>
</testsuite> <!-- webTest.FirstProgram -->
