<?xml version="1.0" encoding="UTF-8"?>
<!-- Generated by org.testng.reporters.JUnitReportReporter -->
<testsuite hostname="Miracle-PC" name="webTest.AddGuestPageValidation" tests="1" failures="0" timestamp="11 Oct 2015 07:23:51 GMT" time="6.783" errors="0">
  <testcase name="testAddGuestPageValidation" time="6.783" classname="webTest.AddGuestPageValidation"/>
</testsuite> <!-- webTest.AddGuestPageValidation -->
