<?xml version="1.0" encoding="UTF-8"?>
<!-- Generated by org.testng.reporters.JUnitReportReporter -->
<testsuite hostname="Miracle-PC" name="webTest.CheckGuestWithNoData" tests="1" failures="0" timestamp="16 Oct 2015 19:00:43 GMT" time="5.287" errors="0">
  <testcase name="testCheckGuestWithNoData" time="5.287" classname="webTest.CheckGuestWithNoData"/>
</testsuite> <!-- webTest.CheckGuestWithNoData -->
