<?xml version="1.0" encoding="UTF-8"?>
<!-- Generated by org.testng.reporters.JUnitReportReporter -->
<testsuite hostname="Miracle-PC" name="webTest.AddGuestWithValidData" tests="1" failures="0" timestamp="16 Oct 2015 19:00:43 GMT" time="2.360" errors="0">
  <testcase name="testAddGuestWithValidData" time="2.360" classname="webTest.AddGuestWithValidData"/>
</testsuite> <!-- webTest.AddGuestWithValidData -->
