<?xml version="1.0" encoding="UTF-8"?>
<!-- Generated by org.testng.reporters.JUnitReportReporter -->
<testsuite hostname="Miracle-PC" name="webTest.VerifyHomePage" tests="1" failures="0" timestamp="11 Oct 2015 07:23:51 GMT" time="0.892" errors="0">
  <testcase name="testVerifyHomePage" time="0.892" classname="webTest.VerifyHomePage"/>
</testsuite> <!-- webTest.VerifyHomePage -->
