<?xml version="1.0" encoding="UTF-8"?>
<!-- Generated by org.testng.reporters.JUnitReportReporter -->
<testsuite hostname="Miracle-PC" name="webTest.AddGuestWithValidData" tests="1" failures="0" timestamp="11 Oct 2015 07:23:51 GMT" time="3.636" errors="0">
  <testcase name="testAddGuestWithValidData" time="3.636" classname="webTest.AddGuestWithValidData"/>
</testsuite> <!-- webTest.AddGuestWithValidData -->
