<?xml version="1.0" encoding="UTF-8"?>
<!-- Generated by org.testng.reporters.JUnitReportReporter -->
<testsuite hostname="Miracle-PC" name="testngFiles.NewTest" tests="1" failures="0" timestamp="10 Oct 2015 01:04:13 GMT" time="0.000" errors="0">
  <testcase name="f" time="0.000" classname="testngFiles.NewTest"/>
</testsuite> <!-- testngFiles.NewTest -->
