<?xml version="1.0" encoding="UTF-8"?>
<!-- Generated by org.testng.reporters.JUnitReportReporter -->
<testsuite hostname="Miracle-PC" name="webTest.CheckGuestWithValidData" tests="1" failures="0" timestamp="11 Oct 2015 07:23:51 GMT" time="2.447" errors="0">
  <testcase name="testCheckGuestWithValidData" time="2.447" classname="webTest.CheckGuestWithValidData"/>
</testsuite> <!-- webTest.CheckGuestWithValidData -->
