<?xml version="1.0" encoding="UTF-8"?>
<!-- Generated by org.testng.reporters.JUnitReportReporter -->
<testsuite hostname="Miracle-PC" name="webTest.CheckGuestWithNoData" tests="1" failures="0" timestamp="11 Oct 2015 07:23:51 GMT" time="2.244" errors="0">
  <testcase name="testCheckGuestWithNoData" time="2.244" classname="webTest.CheckGuestWithNoData"/>
</testsuite> <!-- webTest.CheckGuestWithNoData -->
