<?xml version="1.0" encoding="UTF-8"?>
<!-- Generated by org.testng.reporters.JUnitReportReporter -->
<testsuite hostname="Miracle-PC" name="webTest.VerifyHomePage" tests="1" failures="0" timestamp="16 Oct 2015 19:00:43 GMT" time="1.065" errors="0">
  <testcase name="testVerifyHomePage" time="1.065" classname="webTest.VerifyHomePage"/>
</testsuite> <!-- webTest.VerifyHomePage -->
